js: Uncaught Error: Script error for "../../mathjax2/MathJax"
http://requirejs.org/docs/errors.html#scripterror
js: Uncaught Error: Script error for "../../mathjax2/MathJax"
http://requirejs.org/docs/errors.html#scripterror
js: Uncaught Error: Script error for "../../mathjax2/MathJax"
http://requirejs.org/docs/errors.html#scripterror
js: Uncaught Error: Script error for "../../mathjax2/MathJax"
http://requirejs.org/docs/errors.html#scripterror
js: Uncaught Error: Script error for "../../mathjax2/MathJax"
http://requirejs.org/docs/errors.html#scripterror
Unknown or unsupported skia image format
Unknown or unsupported skia image format
js: Uncaught Error: Script error for "../../mathjax2/MathJax"
http://requirejs.org/docs/errors.html#scripterror
js: Uncaught Error: Script error for "../../mathjax2/MathJax"
http://requirejs.org/docs/errors.html#scripterror
js: Uncaught Error: Script error for "../../mathjax2/MathJax"
http://requirejs.org/docs/errors.html#scripterror
js: Uncaught Error: Script error for "../../mathjax2/MathJax"
http://requirejs.org/docs/errors.html#scripterror
js: Uncaught Error: Script error for "../../mathjax2/MathJax"
http://requirejs.org/docs/errors.html#scripterror
js: Uncaught Error: Script error for "../../mathjax2/MathJax"
http://requirejs.org/docs/errors.html#scripterror
Unknown or unsupported skia image format
Unknown or unsupported skia image format
Unknown or unsupported skia image format
Unknown or unsupported skia image format
js: Uncaught Error: Script error for "../../mathjax2/MathJax"
http://requirejs.org/docs/errors.html#scripterror
Unknown or unsupported skia image format
js: Uncaught Error: Script error for "../../mathjax2/MathJax"
http://requirejs.org/docs/errors.html#scripterror
Unknown or unsupported skia image format
Unknown or unsupported skia image format
Unknown or unsupported skia image format
Unknown or unsupported skia image format
Unknown or unsupported skia image format
Unknown or unsupported skia image format
js: Uncaught Error: Script error for "../../mathjax2/MathJax"
http://requirejs.org/docs/errors.html#scripterror
[311422:311422:1105/013931.248294:ERROR:zygote_communication_linux.cc(282)] Failed to send GetTerminationStatus message to zygote
[311422:311422:1105/013931.249006:ERROR:zygote_communication_linux.cc(282)] Failed to send GetTerminationStatus message to zygote
[311422:311422:1105/013931.250284:ERROR:zygote_communication_linux.cc(282)] Failed to send GetTerminationStatus message to zygote
[311422:311422:1105/013931.252499:ERROR:zygote_communication_linux.cc(282)] Failed to send GetTerminationStatus message to zygote
[311422:311422:1105/013931.254772:ERROR:zygote_communication_linux.cc(282)] Failed to send GetTerminationStatus message to zygote
The X11 connection broke (error 1). Did the X11 server die?
js: Uncaught Error: Script error for "../../mathjax2/MathJax"
http://requirejs.org/docs/errors.html#scripterror
js: Uncaught Error: Script error for "../../mathjax2/MathJax"
http://requirejs.org/docs/errors.html#scripterror
js: Uncaught Error: Script error for "../../mathjax2/MathJax"
http://requirejs.org/docs/errors.html#scripterror
js: Uncaught Error: Script error for "../../mathjax2/MathJax"
http://requirejs.org/docs/errors.html#scripterror
js: Uncaught Error: Script error for "../../mathjax2/MathJax"
http://requirejs.org/docs/errors.html#scripterror
